<?xml version="1.0" encoding="UTF-8"?>
<TestRun id="ea89a648-0568-4d62-8900-9515c1c16a3e" name="Administrator@IT-41C8711BE33B 2012-11-25 00:38:59" runUser="IT-41C8711BE33B\Administrator" xmlns="http://microsoft.com/schemas/VisualStudio/TeamTest/2010">
  <TestSettings name="Local" id="e96b331a-14e7-443c-a343-adc2a1a24a0b">
    <Description>These are default test settings for a local test run.</Description>
    <Deployment enabled="false" runDeploymentRoot="Administrator_IT-41C8711BE33B 2012-11-25 00_38_59">
      <DeploymentItem filename="C:\GroceryApp\packages\TelerikMvcExtensions.2011.1.315\lib\net40\Telerik.Web.Mvc.dll" />
      <DeploymentItem filename="C:\GroceryApp\packages\EntityFramework.5.0.0\lib\net40\EntityFramework.dll" />
      <DeploymentItem filename="C:\GroceryApp\GroceryApp\bin\GroceryApp.dll" />
    </Deployment>
    <Execution>
      <TestTypeSpecific />
      <AgentRule name="Execution Agents">
      </AgentRule>
    </Execution>
  </TestSettings>
  <Times creation="2012-11-25T00:38:59.0312500+02:00" queuing="2012-11-25T00:38:59.1875000+02:00" start="2012-11-25T00:38:59.3125000+02:00" finish="2012-11-25T00:39:11.5937500+02:00" />
  <ResultSummary outcome="Failed">
    <Counters total="4" executed="4" passed="3" error="0" failed="1" timeout="0" aborted="0" inconclusive="0" passedButRunAborted="0" notRunnable="0" notExecuted="0" disconnected="0" warning="0" completed="0" inProgress="0" pending="0" />
  </ResultSummary>
  <TestDefinitions>
    <UnitTest name="BUpdateProductTest" storage="c:\groceryapp\testservices\bin\debug\testservices.dll" id="c2d95577-3b9b-6749-df77-a133307e1ab5">
      <Execution id="2c3de7e1-33f7-4cc2-a432-29233ac1c62f" />
      <TestMethod codeBase="C:/GroceryApp/TestServices/bin/Debug/TestServices.DLL" adapterTypeName="Microsoft.VisualStudio.TestTools.TestTypes.Unit.UnitTestAdapter, Microsoft.VisualStudio.QualityTools.Tips.UnitTest.Adapter, Version=10.0.0.0, Culture=neutral, PublicKeyToken=b03f5f7f11d50a3a" className="BusinessTest.ProductSvcADOImplTest, TestServices, Version=1.0.0.0, Culture=neutral, PublicKeyToken=null" name="BUpdateProductTest" />
    </UnitTest>
    <UnitTest name="XRemoveProductTest" storage="c:\groceryapp\testservices\bin\debug\testservices.dll" id="b895cf8b-65c6-e203-e7b2-3d177dccb263">
      <Execution id="e5d58d4c-69fa-4e6e-ab17-a56782de04cc" />
      <TestMethod codeBase="C:/GroceryApp/TestServices/bin/Debug/TestServices.DLL" adapterTypeName="Microsoft.VisualStudio.TestTools.TestTypes.Unit.UnitTestAdapter, Microsoft.VisualStudio.QualityTools.Tips.UnitTest.Adapter, Version=10.0.0.0, Culture=neutral, PublicKeyToken=b03f5f7f11d50a3a" className="BusinessTest.ProductSvcADOImplTest, TestServices, Version=1.0.0.0, Culture=neutral, PublicKeyToken=null" name="XRemoveProductTest" />
    </UnitTest>
    <UnitTest name="BSearchProductTest" storage="c:\groceryapp\testservices\bin\debug\testservices.dll" id="ec1d99f7-40b4-afb8-8fc4-87a4bcb72f87">
      <Execution id="a1ddae5a-7010-46aa-ba56-656d86127bf3" />
      <TestMethod codeBase="C:/GroceryApp/TestServices/bin/Debug/TestServices.DLL" adapterTypeName="Microsoft.VisualStudio.TestTools.TestTypes.Unit.UnitTestAdapter, Microsoft.VisualStudio.QualityTools.Tips.UnitTest.Adapter, Version=10.0.0.0, Culture=neutral, PublicKeyToken=b03f5f7f11d50a3a" className="BusinessTest.ProductSvcADOImplTest, TestServices, Version=1.0.0.0, Culture=neutral, PublicKeyToken=null" name="BSearchProductTest" />
    </UnitTest>
    <UnitTest name="AddProductTest" storage="c:\groceryapp\testservices\bin\debug\testservices.dll" id="6445d75f-7f87-bb38-722c-3a451b06ed14">
      <Execution id="f8cd5660-8951-4b89-b07c-76d433cce27a" />
      <TestMethod codeBase="C:/GroceryApp/TestServices/bin/Debug/TestServices.DLL" adapterTypeName="Microsoft.VisualStudio.TestTools.TestTypes.Unit.UnitTestAdapter, Microsoft.VisualStudio.QualityTools.Tips.UnitTest.Adapter, Version=10.0.0.0, Culture=neutral, PublicKeyToken=b03f5f7f11d50a3a" className="BusinessTest.ProductSvcADOImplTest, TestServices, Version=1.0.0.0, Culture=neutral, PublicKeyToken=null" name="AddProductTest" />
    </UnitTest>
  </TestDefinitions>
  <TestLists>
    <TestList name="Results Not in a List" id="8c84fa94-04c1-424b-9868-57a2d4851a1d" />
    <TestList name="All Loaded Results" id="19431567-8539-422a-85d7-44ee4e166bda" />
  </TestLists>
  <TestEntries>
    <TestEntry testId="6445d75f-7f87-bb38-722c-3a451b06ed14" executionId="f8cd5660-8951-4b89-b07c-76d433cce27a" testListId="8c84fa94-04c1-424b-9868-57a2d4851a1d" />
    <TestEntry testId="b895cf8b-65c6-e203-e7b2-3d177dccb263" executionId="e5d58d4c-69fa-4e6e-ab17-a56782de04cc" testListId="8c84fa94-04c1-424b-9868-57a2d4851a1d" />
    <TestEntry testId="c2d95577-3b9b-6749-df77-a133307e1ab5" executionId="2c3de7e1-33f7-4cc2-a432-29233ac1c62f" testListId="8c84fa94-04c1-424b-9868-57a2d4851a1d" />
    <TestEntry testId="ec1d99f7-40b4-afb8-8fc4-87a4bcb72f87" executionId="a1ddae5a-7010-46aa-ba56-656d86127bf3" testListId="8c84fa94-04c1-424b-9868-57a2d4851a1d" />
  </TestEntries>
  <Results>
    <UnitTestResult executionId="f8cd5660-8951-4b89-b07c-76d433cce27a" testId="6445d75f-7f87-bb38-722c-3a451b06ed14" testName="AddProductTest" computerName="IT-41C8711BE33B" duration="00:00:06.4595662" startTime="2012-11-25T00:39:00.1093750+02:00" endTime="2012-11-25T00:39:08.4218750+02:00" testType="13cdc9d9-ddb5-4fa4-a97d-d965ccfc6d4b" outcome="Passed" testListId="8c84fa94-04c1-424b-9868-57a2d4851a1d" relativeResultsDirectory="f8cd5660-8951-4b89-b07c-76d433cce27a">
    </UnitTestResult>
    <UnitTestResult executionId="e5d58d4c-69fa-4e6e-ab17-a56782de04cc" testId="b895cf8b-65c6-e203-e7b2-3d177dccb263" testName="XRemoveProductTest" computerName="IT-41C8711BE33B" duration="00:00:00.7317435" startTime="2012-11-25T00:39:08.4843750+02:00" endTime="2012-11-25T00:39:09.3750000+02:00" testType="13cdc9d9-ddb5-4fa4-a97d-d965ccfc6d4b" outcome="Passed" testListId="8c84fa94-04c1-424b-9868-57a2d4851a1d" relativeResultsDirectory="e5d58d4c-69fa-4e6e-ab17-a56782de04cc">
    </UnitTestResult>
    <UnitTestResult executionId="2c3de7e1-33f7-4cc2-a432-29233ac1c62f" testId="c2d95577-3b9b-6749-df77-a133307e1ab5" testName="BUpdateProductTest" computerName="IT-41C8711BE33B" duration="00:00:00.7320863" startTime="2012-11-25T00:39:09.5781250+02:00" endTime="2012-11-25T00:39:10.5781250+02:00" testType="13cdc9d9-ddb5-4fa4-a97d-d965ccfc6d4b" outcome="Failed" testListId="8c84fa94-04c1-424b-9868-57a2d4851a1d" relativeResultsDirectory="2c3de7e1-33f7-4cc2-a432-29233ac1c62f">
      <Output>
        <ErrorInfo>
          <Message>Assert.Fail failed. System.Data.Entity.Infrastructure.DbUpdateConcurrencyException: Store update, insert, or delete statement affected an unexpected number of rows (0). Entities may have been modified or deleted since entities were loaded. Refresh ObjectStateManager entries. ---&gt; System.Data.OptimisticConcurrencyException: Store update, insert, or delete statement affected an unexpected number of rows (0). Entities may have been modified or deleted since entities were loaded. Refresh ObjectStateManager entries.
   at System.Data.Mapping.Update.Internal.UpdateTranslator.ValidateRowsAffected(Int64 rowsAffected, UpdateCommand source)
   at System.Data.Mapping.Update.Internal.UpdateTranslator.Update(IEntityStateManager stateManager, IEntityAdapter adapter)
   at System.Data.EntityClient.EntityAdapter.Update(IEntityStateManager entityCache)
   at System.Data.Objects.ObjectContext.SaveChanges(SaveOptions options)
   at System.Data.Entity.Internal.InternalContext.SaveChanges()
   --- End of inner exception stack trace ---
   at System.Data.Entity.Internal.InternalContext.SaveChanges()
   at System.Data.Entity.Internal.LazyInternalContext.SaveChanges()
   at System.Data.Entity.DbContext.SaveChanges()
   at GroceryApp.Models.Services.ProductSvcADOImpl.UpdateProduct(Product product) in C:\GroceryApp\GroceryApp\Models\Services\ProductSvcADOImpl.cs:line 54
   at BusinessTest.ProductSvcADOImplTest.BUpdateProductTest() in C:\GroceryApp\TestServices\ProductSvcADOImplTest.cs:line 180</Message>
          <StackTrace>   at BusinessTest.ProductSvcADOImplTest.BUpdateProductTest() in C:\GroceryApp\TestServices\ProductSvcADOImplTest.cs:line 185
</StackTrace>
        </ErrorInfo>
      </Output>
    </UnitTestResult>
    <UnitTestResult executionId="a1ddae5a-7010-46aa-ba56-656d86127bf3" testId="ec1d99f7-40b4-afb8-8fc4-87a4bcb72f87" testName="BSearchProductTest" computerName="IT-41C8711BE33B" duration="00:00:00.2056750" startTime="2012-11-25T00:39:10.6875000+02:00" endTime="2012-11-25T00:39:10.9375000+02:00" testType="13cdc9d9-ddb5-4fa4-a97d-d965ccfc6d4b" outcome="Passed" testListId="8c84fa94-04c1-424b-9868-57a2d4851a1d" relativeResultsDirectory="a1ddae5a-7010-46aa-ba56-656d86127bf3">
    </UnitTestResult>
  </Results>
</TestRun>