<?xml version="1.0" encoding="UTF-8"?>
<TestRun id="42cce0aa-d456-4891-a3bf-b053bd28984d" name="Administrator@IT-41C8711BE33B 2012-11-17 21:13:03" runUser="IT-41C8711BE33B\Administrator" xmlns="http://microsoft.com/schemas/VisualStudio/TeamTest/2010">
  <TestSettings name="Local" id="e96b331a-14e7-443c-a343-adc2a1a24a0b">
    <Description>These are default test settings for a local test run.</Description>
    <Deployment enabled="false" runDeploymentRoot="Administrator_IT-41C8711BE33B 2012-11-17 21_13_03">
      <DeploymentItem filename="C:\GroceryApp\packages\TelerikMvcExtensions.2011.1.315\lib\net40\Telerik.Web.Mvc.dll" />
      <DeploymentItem filename="C:\GroceryApp\packages\EntityFramework.5.0.0\lib\net40\EntityFramework.dll" />
      <DeploymentItem filename="C:\GroceryApp\GroceryApp\bin\GroceryApp.dll" />
    </Deployment>
    <Execution>
      <TestTypeSpecific />
      <AgentRule name="Execution Agents">
      </AgentRule>
    </Execution>
  </TestSettings>
  <Times creation="2012-11-17T21:13:03.9366250+02:00" queuing="2012-11-17T21:13:11.3741250+02:00" start="2012-11-17T21:13:11.9991250+02:00" finish="2012-11-17T21:13:30.1710000+02:00" />
  <ResultSummary outcome="Failed">
    <Counters total="20" executed="13" passed="4" error="0" failed="9" timeout="0" aborted="0" inconclusive="0" passedButRunAborted="0" notRunnable="0" notExecuted="7" disconnected="0" warning="0" completed="0" inProgress="0" pending="0" />
  </ResultSummary>
  <TestDefinitions>
    <UnitTest name="SearchProductTest" storage="c:\groceryapp\testservices\bin\debug\testservices.dll" id="f4d13ba0-ab3c-eabd-c9c2-50f97e57cf2b">
      <Execution id="1155fb39-61ca-45c8-8a3c-da067d096328" />
      <TestMethod codeBase="C:/GroceryApp/TestServices/bin/Debug/TestServices.DLL" adapterTypeName="Microsoft.VisualStudio.TestTools.TestTypes.Unit.UnitTestAdapter, Microsoft.VisualStudio.QualityTools.Tips.UnitTest.Adapter, Version=10.0.0.0, Culture=neutral, PublicKeyToken=b03f5f7f11d50a3a" className="TestServices.ProductSvcADOImplTest, TestServices, Version=1.0.0.0, Culture=neutral, PublicKeyToken=null" name="SearchProductTest" />
    </UnitTest>
    <UnitTest name="AddProductTest" storage="c:\groceryapp\businesstest\bin\debug\businesstest.dll" id="6ff62ea5-d0a5-9905-38ba-7c96f4e3b4fa">
      <Execution id="fc61e3a8-68a9-4b41-9d83-4edd3655c989" />
      <TestMethod codeBase="C:/GroceryApp/BusinessTest/bin/Debug/BusinessTest.DLL" adapterTypeName="Microsoft.VisualStudio.TestTools.TestTypes.Unit.UnitTestAdapter, Microsoft.VisualStudio.QualityTools.Tips.UnitTest.Adapter, Version=10.0.0.0, Culture=neutral, PublicKeyToken=b03f5f7f11d50a3a" className="BusinessTest.ProductMgrTest, BusinessTest, Version=1.0.0.0, Culture=neutral, PublicKeyToken=null" name="AddProductTest" />
    </UnitTest>
    <UnitTest name="UpdateProductTest" storage="c:\groceryapp\testservices\bin\debug\testservices.dll" id="99ca40cb-11c4-6932-0028-af3aa6b398f0">
      <Execution id="e520fc01-9326-4cbe-b7e9-11d2daa84341" />
      <TestMethod codeBase="C:/GroceryApp/TestServices/bin/Debug/TestServices.DLL" adapterTypeName="Microsoft.VisualStudio.TestTools.TestTypes.Unit.UnitTestAdapter, Microsoft.VisualStudio.QualityTools.Tips.UnitTest.Adapter, Version=10.0.0.0, Culture=neutral, PublicKeyToken=b03f5f7f11d50a3a" className="TestServices.ProductSvcADOImplTest, TestServices, Version=1.0.0.0, Culture=neutral, PublicKeyToken=null" name="UpdateProductTest" />
    </UnitTest>
    <OrderedTest name="BusinessTestSuite" storage="c:\groceryapp\businesstest\businesstestsuite.orderedtest" id="8f19a129-8be8-4c1e-bc73-167c517fc37e">
      <Execution id="fbe2149e-e7b1-42d5-8f5a-a35778be7385" />
      <TestLinks>
        <TestLink id="5cc27fd9-8ed9-8a57-cf1d-36e5e2bb132c" name="AddSupplierTest" storage="bin\debug\businesstest.dll" type="Microsoft.VisualStudio.TestTools.TestTypes.Unit.UnitTestElement, Microsoft.VisualStudio.QualityTools.Tips.UnitTest.ObjectModel, Version=10.0.0.0, Culture=neutral, PublicKeyToken=b03f5f7f11d50a3a" />
        <TestLink id="bf017ad6-4f60-c2c3-891a-71955203f803" name="SearchSupplierTest" storage="bin\debug\businesstest.dll" type="Microsoft.VisualStudio.TestTools.TestTypes.Unit.UnitTestElement, Microsoft.VisualStudio.QualityTools.Tips.UnitTest.ObjectModel, Version=10.0.0.0, Culture=neutral, PublicKeyToken=b03f5f7f11d50a3a" />
        <TestLink id="c190ac50-fd1e-c1ad-24e1-3c13826758a2" name="UpdateSupplierTest" storage="bin\debug\businesstest.dll" type="Microsoft.VisualStudio.TestTools.TestTypes.Unit.UnitTestElement, Microsoft.VisualStudio.QualityTools.Tips.UnitTest.ObjectModel, Version=10.0.0.0, Culture=neutral, PublicKeyToken=b03f5f7f11d50a3a" />
        <TestLink id="a4cff782-8c19-6d5d-f4c8-d1ae28419562" name="RemoveSupplierTest" storage="bin\debug\businesstest.dll" type="Microsoft.VisualStudio.TestTools.TestTypes.Unit.UnitTestElement, Microsoft.VisualStudio.QualityTools.Tips.UnitTest.ObjectModel, Version=10.0.0.0, Culture=neutral, PublicKeyToken=b03f5f7f11d50a3a" />
        <TestLink id="6ff62ea5-d0a5-9905-38ba-7c96f4e3b4fa" name="AddProductTest" storage="bin\debug\businesstest.dll" type="Microsoft.VisualStudio.TestTools.TestTypes.Unit.UnitTestElement, Microsoft.VisualStudio.QualityTools.Tips.UnitTest.ObjectModel, Version=10.0.0.0, Culture=neutral, PublicKeyToken=b03f5f7f11d50a3a" />
        <TestLink id="3c0a04bd-ddc1-312c-eda1-0ed41a4b3b01" name="SearchProductTest" storage="bin\debug\businesstest.dll" type="Microsoft.VisualStudio.TestTools.TestTypes.Unit.UnitTestElement, Microsoft.VisualStudio.QualityTools.Tips.UnitTest.ObjectModel, Version=10.0.0.0, Culture=neutral, PublicKeyToken=b03f5f7f11d50a3a" />
        <TestLink id="6143045e-d7b1-c3cf-6431-871ca4cbe173" name="UpdateProductTest" storage="bin\debug\businesstest.dll" type="Microsoft.VisualStudio.TestTools.TestTypes.Unit.UnitTestElement, Microsoft.VisualStudio.QualityTools.Tips.UnitTest.ObjectModel, Version=10.0.0.0, Culture=neutral, PublicKeyToken=b03f5f7f11d50a3a" />
        <TestLink id="11468ab7-0a0d-5f63-ec65-4bfd24d50c15" name="RemoveProductTest" storage="bin\debug\businesstest.dll" type="Microsoft.VisualStudio.TestTools.TestTypes.Unit.UnitTestElement, Microsoft.VisualStudio.QualityTools.Tips.UnitTest.ObjectModel, Version=10.0.0.0, Culture=neutral, PublicKeyToken=b03f5f7f11d50a3a" />
      </TestLinks>
    </OrderedTest>
    <UnitTest name="AddSupplierTest" storage="c:\groceryapp\businesstest\bin\debug\businesstest.dll" id="5cc27fd9-8ed9-8a57-cf1d-36e5e2bb132c">
      <Execution id="66f35c03-08e8-4e40-a7c9-38acc05eaebe" />
      <TestMethod codeBase="C:/GroceryApp/BusinessTest/bin/Debug/BusinessTest.DLL" adapterTypeName="Microsoft.VisualStudio.TestTools.TestTypes.Unit.UnitTestAdapter, Microsoft.VisualStudio.QualityTools.Tips.UnitTest.Adapter, Version=10.0.0.0, Culture=neutral, PublicKeyToken=b03f5f7f11d50a3a" className="BusinessTest.SupplierMgrTest, BusinessTest, Version=1.0.0.0, Culture=neutral, PublicKeyToken=null" name="AddSupplierTest" />
    </UnitTest>
    <UnitTest name="UpdateSupplierTest" storage="c:\groceryapp\businesstest\bin\debug\businesstest.dll" id="c190ac50-fd1e-c1ad-24e1-3c13826758a2">
      <Execution id="097bd547-5473-4eda-bf12-13871c2fe15e" />
      <TestMethod codeBase="C:/GroceryApp/BusinessTest/bin/Debug/BusinessTest.DLL" adapterTypeName="Microsoft.VisualStudio.TestTools.TestTypes.Unit.UnitTestAdapter, Microsoft.VisualStudio.QualityTools.Tips.UnitTest.Adapter, Version=10.0.0.0, Culture=neutral, PublicKeyToken=b03f5f7f11d50a3a" className="BusinessTest.SupplierMgrTest, BusinessTest, Version=1.0.0.0, Culture=neutral, PublicKeyToken=null" name="UpdateSupplierTest" />
    </UnitTest>
    <UnitTest name="RemoveSupplierTest" storage="c:\groceryapp\businesstest\bin\debug\businesstest.dll" id="a4cff782-8c19-6d5d-f4c8-d1ae28419562">
      <Execution id="e5e2348a-6bdd-43f4-987d-af3165ca230b" />
      <TestMethod codeBase="C:/GroceryApp/BusinessTest/bin/Debug/BusinessTest.DLL" adapterTypeName="Microsoft.VisualStudio.TestTools.TestTypes.Unit.UnitTestAdapter, Microsoft.VisualStudio.QualityTools.Tips.UnitTest.Adapter, Version=10.0.0.0, Culture=neutral, PublicKeyToken=b03f5f7f11d50a3a" className="BusinessTest.SupplierMgrTest, BusinessTest, Version=1.0.0.0, Culture=neutral, PublicKeyToken=null" name="RemoveSupplierTest" />
    </UnitTest>
    <UnitTest name="SearchSupplierTest" storage="c:\groceryapp\businesstest\bin\debug\businesstest.dll" id="bf017ad6-4f60-c2c3-891a-71955203f803">
      <Execution id="c21e8887-456c-4221-ad3b-0b01d574f0ac" />
      <TestMethod codeBase="C:/GroceryApp/BusinessTest/bin/Debug/BusinessTest.DLL" adapterTypeName="Microsoft.VisualStudio.TestTools.TestTypes.Unit.UnitTestAdapter, Microsoft.VisualStudio.QualityTools.Tips.UnitTest.Adapter, Version=10.0.0.0, Culture=neutral, PublicKeyToken=b03f5f7f11d50a3a" className="BusinessTest.SupplierMgrTest, BusinessTest, Version=1.0.0.0, Culture=neutral, PublicKeyToken=null" name="SearchSupplierTest" />
    </UnitTest>
    <UnitTest name="AddProductTest" storage="c:\groceryapp\testservices\bin\debug\testservices.dll" id="25fae7e3-8ee5-ae6f-bfa6-7293d85a41ef">
      <Execution id="e6e00272-4a2f-42ef-a70e-692f0a7bc0d0" />
      <TestMethod codeBase="C:/GroceryApp/TestServices/bin/Debug/TestServices.DLL" adapterTypeName="Microsoft.VisualStudio.TestTools.TestTypes.Unit.UnitTestAdapter, Microsoft.VisualStudio.QualityTools.Tips.UnitTest.Adapter, Version=10.0.0.0, Culture=neutral, PublicKeyToken=b03f5f7f11d50a3a" className="TestServices.ProductSvcADOImplTest, TestServices, Version=1.0.0.0, Culture=neutral, PublicKeyToken=null" name="AddProductTest" />
    </UnitTest>
    <UnitTest name="UpdateProductTest" storage="c:\groceryapp\businesstest\bin\debug\businesstest.dll" id="6143045e-d7b1-c3cf-6431-871ca4cbe173">
      <Execution id="8c236c2f-0966-43dc-8152-54d467264717" />
      <TestMethod codeBase="C:/GroceryApp/BusinessTest/bin/Debug/BusinessTest.DLL" adapterTypeName="Microsoft.VisualStudio.TestTools.TestTypes.Unit.UnitTestAdapter, Microsoft.VisualStudio.QualityTools.Tips.UnitTest.Adapter, Version=10.0.0.0, Culture=neutral, PublicKeyToken=b03f5f7f11d50a3a" className="BusinessTest.ProductMgrTest, BusinessTest, Version=1.0.0.0, Culture=neutral, PublicKeyToken=null" name="UpdateProductTest" />
    </UnitTest>
    <UnitTest name="SearchProductTest" storage="c:\groceryapp\businesstest\bin\debug\businesstest.dll" id="3c0a04bd-ddc1-312c-eda1-0ed41a4b3b01">
      <Execution id="ac36b0a5-f3c8-46d0-9a7c-0c31ee0686f5" />
      <TestMethod codeBase="C:/GroceryApp/BusinessTest/bin/Debug/BusinessTest.DLL" adapterTypeName="Microsoft.VisualStudio.TestTools.TestTypes.Unit.UnitTestAdapter, Microsoft.VisualStudio.QualityTools.Tips.UnitTest.Adapter, Version=10.0.0.0, Culture=neutral, PublicKeyToken=b03f5f7f11d50a3a" className="BusinessTest.ProductMgrTest, BusinessTest, Version=1.0.0.0, Culture=neutral, PublicKeyToken=null" name="SearchProductTest" />
    </UnitTest>
    <UnitTest name="RemoveProductTest" storage="c:\groceryapp\businesstest\bin\debug\businesstest.dll" id="11468ab7-0a0d-5f63-ec65-4bfd24d50c15">
      <Execution id="ff13fdfa-5990-4b8b-8ef6-421d6239bed1" />
      <TestMethod codeBase="C:/GroceryApp/BusinessTest/bin/Debug/BusinessTest.DLL" adapterTypeName="Microsoft.VisualStudio.TestTools.TestTypes.Unit.UnitTestAdapter, Microsoft.VisualStudio.QualityTools.Tips.UnitTest.Adapter, Version=10.0.0.0, Culture=neutral, PublicKeyToken=b03f5f7f11d50a3a" className="BusinessTest.ProductMgrTest, BusinessTest, Version=1.0.0.0, Culture=neutral, PublicKeyToken=null" name="RemoveProductTest" />
    </UnitTest>
  </TestDefinitions>
  <TestLists>
    <TestList name="Results Not in a List" id="8c84fa94-04c1-424b-9868-57a2d4851a1d" />
    <TestList name="All Loaded Results" id="19431567-8539-422a-85d7-44ee4e166bda" />
  </TestLists>
  <TestEntries>
    <TestEntry testId="11468ab7-0a0d-5f63-ec65-4bfd24d50c15" executionId="ff13fdfa-5990-4b8b-8ef6-421d6239bed1" testListId="8c84fa94-04c1-424b-9868-57a2d4851a1d" />
    <TestEntry testId="25fae7e3-8ee5-ae6f-bfa6-7293d85a41ef" executionId="e6e00272-4a2f-42ef-a70e-692f0a7bc0d0" testListId="8c84fa94-04c1-424b-9868-57a2d4851a1d" />
    <TestEntry testId="3c0a04bd-ddc1-312c-eda1-0ed41a4b3b01" executionId="ac36b0a5-f3c8-46d0-9a7c-0c31ee0686f5" testListId="8c84fa94-04c1-424b-9868-57a2d4851a1d" />
    <TestEntry testId="5cc27fd9-8ed9-8a57-cf1d-36e5e2bb132c" executionId="66f35c03-08e8-4e40-a7c9-38acc05eaebe" testListId="8c84fa94-04c1-424b-9868-57a2d4851a1d" />
    <TestEntry testId="6143045e-d7b1-c3cf-6431-871ca4cbe173" executionId="8c236c2f-0966-43dc-8152-54d467264717" testListId="8c84fa94-04c1-424b-9868-57a2d4851a1d" />
    <TestEntry testId="6ff62ea5-d0a5-9905-38ba-7c96f4e3b4fa" executionId="fc61e3a8-68a9-4b41-9d83-4edd3655c989" testListId="8c84fa94-04c1-424b-9868-57a2d4851a1d" />
    <TestEntry testId="8f19a129-8be8-4c1e-bc73-167c517fc37e" executionId="fbe2149e-e7b1-42d5-8f5a-a35778be7385" testListId="8c84fa94-04c1-424b-9868-57a2d4851a1d">
      <TestEntries>
        <TestEntry testId="5cc27fd9-8ed9-8a57-cf1d-36e5e2bb132c" executionId="11a2b80d-745c-456f-8032-57cd2c728773" parentExecutionId="fbe2149e-e7b1-42d5-8f5a-a35778be7385" testListId="8c84fa94-04c1-424b-9868-57a2d4851a1d" />
        <TestEntry testId="bf017ad6-4f60-c2c3-891a-71955203f803" executionId="d0789b67-7192-444f-aeb9-c55bc0325977" parentExecutionId="fbe2149e-e7b1-42d5-8f5a-a35778be7385" testListId="8c84fa94-04c1-424b-9868-57a2d4851a1d" />
        <TestEntry testId="c190ac50-fd1e-c1ad-24e1-3c13826758a2" executionId="fc381ec5-42f7-4a86-9b3e-4e979459fb60" parentExecutionId="fbe2149e-e7b1-42d5-8f5a-a35778be7385" testListId="8c84fa94-04c1-424b-9868-57a2d4851a1d" />
        <TestEntry testId="a4cff782-8c19-6d5d-f4c8-d1ae28419562" executionId="16af6751-82e0-4b53-977a-d6e73abb2f56" parentExecutionId="fbe2149e-e7b1-42d5-8f5a-a35778be7385" testListId="8c84fa94-04c1-424b-9868-57a2d4851a1d" />
        <TestEntry testId="6ff62ea5-d0a5-9905-38ba-7c96f4e3b4fa" executionId="4cb47f18-f253-455f-8c6b-0fea6c6ff7b9" parentExecutionId="fbe2149e-e7b1-42d5-8f5a-a35778be7385" testListId="8c84fa94-04c1-424b-9868-57a2d4851a1d" />
        <TestEntry testId="3c0a04bd-ddc1-312c-eda1-0ed41a4b3b01" executionId="2498a17c-ad87-4ae2-94ee-27c790fbf584" parentExecutionId="fbe2149e-e7b1-42d5-8f5a-a35778be7385" testListId="8c84fa94-04c1-424b-9868-57a2d4851a1d" />
        <TestEntry testId="6143045e-d7b1-c3cf-6431-871ca4cbe173" executionId="bdacc05a-38ae-40f4-9a1b-254140c2b548" parentExecutionId="fbe2149e-e7b1-42d5-8f5a-a35778be7385" testListId="8c84fa94-04c1-424b-9868-57a2d4851a1d" />
        <TestEntry testId="11468ab7-0a0d-5f63-ec65-4bfd24d50c15" executionId="48492ad8-5e4a-4271-a2ba-49e09790da4e" parentExecutionId="fbe2149e-e7b1-42d5-8f5a-a35778be7385" testListId="8c84fa94-04c1-424b-9868-57a2d4851a1d" />
      </TestEntries>
    </TestEntry>
    <TestEntry testId="99ca40cb-11c4-6932-0028-af3aa6b398f0" executionId="e520fc01-9326-4cbe-b7e9-11d2daa84341" testListId="8c84fa94-04c1-424b-9868-57a2d4851a1d" />
    <TestEntry testId="a4cff782-8c19-6d5d-f4c8-d1ae28419562" executionId="e5e2348a-6bdd-43f4-987d-af3165ca230b" testListId="8c84fa94-04c1-424b-9868-57a2d4851a1d" />
    <TestEntry testId="bf017ad6-4f60-c2c3-891a-71955203f803" executionId="c21e8887-456c-4221-ad3b-0b01d574f0ac" testListId="8c84fa94-04c1-424b-9868-57a2d4851a1d" />
    <TestEntry testId="c190ac50-fd1e-c1ad-24e1-3c13826758a2" executionId="097bd547-5473-4eda-bf12-13871c2fe15e" testListId="8c84fa94-04c1-424b-9868-57a2d4851a1d" />
    <TestEntry testId="f4d13ba0-ab3c-eabd-c9c2-50f97e57cf2b" executionId="1155fb39-61ca-45c8-8a3c-da067d096328" testListId="8c84fa94-04c1-424b-9868-57a2d4851a1d" />
  </TestEntries>
  <Results>
    <UnitTestResult executionId="ff13fdfa-5990-4b8b-8ef6-421d6239bed1" testId="11468ab7-0a0d-5f63-ec65-4bfd24d50c15" testName="RemoveProductTest" computerName="IT-41C8711BE33B" duration="00:00:07.2406018" startTime="2012-11-17T21:13:12.3272500+02:00" endTime="2012-11-17T21:13:20.9366250+02:00" testType="13cdc9d9-ddb5-4fa4-a97d-d965ccfc6d4b" outcome="Passed" testListId="8c84fa94-04c1-424b-9868-57a2d4851a1d" relativeResultsDirectory="ff13fdfa-5990-4b8b-8ef6-421d6239bed1">
    </UnitTestResult>
    <UnitTestResult executionId="e6e00272-4a2f-42ef-a70e-692f0a7bc0d0" testId="25fae7e3-8ee5-ae6f-bfa6-7293d85a41ef" testName="AddProductTest" computerName="IT-41C8711BE33B" duration="00:00:04.4655326" startTime="2012-11-17T21:13:20.9991250+02:00" endTime="2012-11-17T21:13:26.2335000+02:00" testType="13cdc9d9-ddb5-4fa4-a97d-d965ccfc6d4b" outcome="Failed" testListId="8c84fa94-04c1-424b-9868-57a2d4851a1d" relativeResultsDirectory="e6e00272-4a2f-42ef-a70e-692f0a7bc0d0">
      <Output>
        <ErrorInfo>
          <Message>Assert.Fail failed. System.Data.Entity.Infrastructure.DbUpdateException: An error occurred while updating the entries. See the inner exception for details. ---&gt; System.Data.UpdateException: An error occurred while updating the entries. See the inner exception for details. ---&gt; System.Data.SqlClient.SqlException: The INSERT statement conflicted with the FOREIGN KEY constraint "FK_dbo.Products_dbo.Suppliers_SupplierCode". The conflict occurred in database "GroceryApp.Models.Services.GroceryDbContext", table "dbo.Suppliers", column 'SupplierCode'.
The statement has been terminated.
   at System.Data.SqlClient.SqlConnection.OnError(SqlException exception, Boolean breakConnection)
   at System.Data.SqlClient.SqlInternalConnection.OnError(SqlException exception, Boolean breakConnection)
   at System.Data.SqlClient.TdsParser.ThrowExceptionAndWarning()
   at System.Data.SqlClient.TdsParser.Run(RunBehavior runBehavior, SqlCommand cmdHandler, SqlDataReader dataStream, BulkCopySimpleResultSet bulkCopyHandler, TdsParserStateObject stateObj)
   at System.Data.SqlClient.SqlCommand.FinishExecuteReader(SqlDataReader ds, RunBehavior runBehavior, String resetOptionsString)
   at System.Data.SqlClient.SqlCommand.RunExecuteReaderTds(CommandBehavior cmdBehavior, RunBehavior runBehavior, Boolean returnStream, Boolean async)
   at System.Data.SqlClient.SqlCommand.RunExecuteReader(CommandBehavior cmdBehavior, RunBehavior runBehavior, Boolean returnStream, String method, DbAsyncResult result)
   at System.Data.SqlClient.SqlCommand.InternalExecuteNonQuery(DbAsyncResult result, String methodName, Boolean sendToPipe)
   at System.Data.SqlClient.SqlCommand.ExecuteNonQuery()
   at System.Data.Mapping.Update.Internal.DynamicUpdateCommand.Execute(UpdateTranslator translator, EntityConnection connection, Dictionary`2 identifierValues, List`1 generatedValues)
   at System.Data.Mapping.Update.Internal.UpdateTranslator.Update(IEntityStateManager stateManager, IEntityAdapter adapter)
   --- End of inner exception stack trace ---
   at System.Data.Mapping.Update.Internal.UpdateTranslator.Update(IEntityStateManager stateManager, IEntityAdapter adapter)
   at System.Data.EntityClient.EntityAdapter.Update(IEntityStateManager entityCache)
   at System.Data.Objects.ObjectContext.SaveChanges(SaveOptions options)
   at System.Data.Entity.Internal.InternalContext.SaveChanges()
   --- End of inner exception stack trace ---
   at System.Data.Entity.Internal.InternalContext.SaveChanges()
   at System.Data.Entity.Internal.LazyInternalContext.SaveChanges()
   at System.Data.Entity.DbContext.SaveChanges()
   at GroceryApp.Models.Services.ProductSvcADOImpl.AddProduct(Product product) in C:\GroceryApp\GroceryApp\Models\Services\ProductSvcADOImpl.cs:line 34
   at TestServices.ProductSvcADOImplTest.AddProductTest() in C:\GroceryApp\TestServices\ProductSvcADOImplTest.cs:line 93</Message>
          <StackTrace>   at TestServices.ProductSvcADOImplTest.AddProductTest() in C:\GroceryApp\TestServices\ProductSvcADOImplTest.cs:line 99
</StackTrace>
        </ErrorInfo>
      </Output>
    </UnitTestResult>
    <UnitTestResult executionId="ac36b0a5-f3c8-46d0-9a7c-0c31ee0686f5" testId="3c0a04bd-ddc1-312c-eda1-0ed41a4b3b01" testName="SearchProductTest" computerName="IT-41C8711BE33B" duration="00:00:00.0660606" startTime="2012-11-17T21:13:26.3428750+02:00" endTime="2012-11-17T21:13:26.4366250+02:00" testType="13cdc9d9-ddb5-4fa4-a97d-d965ccfc6d4b" outcome="Passed" testListId="8c84fa94-04c1-424b-9868-57a2d4851a1d" relativeResultsDirectory="ac36b0a5-f3c8-46d0-9a7c-0c31ee0686f5">
    </UnitTestResult>
    <UnitTestResult executionId="66f35c03-08e8-4e40-a7c9-38acc05eaebe" testId="5cc27fd9-8ed9-8a57-cf1d-36e5e2bb132c" testName="AddSupplierTest" computerName="IT-41C8711BE33B" duration="00:00:00.1117410" startTime="2012-11-17T21:13:26.4366250+02:00" endTime="2012-11-17T21:13:26.6866250+02:00" testType="13cdc9d9-ddb5-4fa4-a97d-d965ccfc6d4b" outcome="Failed" testListId="8c84fa94-04c1-424b-9868-57a2d4851a1d" relativeResultsDirectory="66f35c03-08e8-4e40-a7c9-38acc05eaebe">
      <Output>
        <ErrorInfo>
          <Message>Assert.Fail failed. GroceryApp.Models.Services.Exceptions.SupplierMgrException: Error Loading Service: Value cannot be null.
Parameter name: typeName
   at GroceryApp.Models.Business.SupplierMgr.AddSupplier(Supplier supplier) in C:\GroceryApp\GroceryApp\Models\Business\SupplierMgr.cs:line 23
   at BusinessTest.SupplierMgrTest.AddSupplierTest() in C:\GroceryApp\BusinessTest\SupplierMgrTest.cs:line 85</Message>
          <StackTrace>   at BusinessTest.SupplierMgrTest.AddSupplierTest() in C:\GroceryApp\BusinessTest\SupplierMgrTest.cs:line 89
</StackTrace>
        </ErrorInfo>
      </Output>
    </UnitTestResult>
    <UnitTestResult executionId="8c236c2f-0966-43dc-8152-54d467264717" testId="6143045e-d7b1-c3cf-6431-871ca4cbe173" testName="UpdateProductTest" computerName="IT-41C8711BE33B" duration="00:00:00.2818704" startTime="2012-11-17T21:13:26.7178750+02:00" endTime="2012-11-17T21:13:27.0147500+02:00" testType="13cdc9d9-ddb5-4fa4-a97d-d965ccfc6d4b" outcome="Failed" testListId="8c84fa94-04c1-424b-9868-57a2d4851a1d" relativeResultsDirectory="8c236c2f-0966-43dc-8152-54d467264717">
      <Output>
        <ErrorInfo>
          <Message>Test method BusinessTest.ProductMgrTest.UpdateProductTest threw exception: 
System.Data.Entity.Infrastructure.DbUpdateConcurrencyException: Store update, insert, or delete statement affected an unexpected number of rows (0). Entities may have been modified or deleted since entities were loaded. Refresh ObjectStateManager entries. ---&gt; System.Data.OptimisticConcurrencyException: Store update, insert, or delete statement affected an unexpected number of rows (0). Entities may have been modified or deleted since entities were loaded. Refresh ObjectStateManager entries.</Message>
          <StackTrace>    at System.Data.Mapping.Update.Internal.UpdateTranslator.ValidateRowsAffected(Int64 rowsAffected, UpdateCommand source)
   at System.Data.Mapping.Update.Internal.UpdateTranslator.Update(IEntityStateManager stateManager, IEntityAdapter adapter)
   at System.Data.EntityClient.EntityAdapter.Update(IEntityStateManager entityCache)
   at System.Data.Objects.ObjectContext.SaveChanges(SaveOptions options)
   at System.Data.Entity.Internal.InternalContext.SaveChanges()
 --- End of inner exception stack trace ---
    at System.Data.Entity.Internal.InternalContext.SaveChanges()
   at System.Data.Entity.Internal.LazyInternalContext.SaveChanges()
   at System.Data.Entity.DbContext.SaveChanges()
   at GroceryApp.Models.Services.ProductSvcADOImpl.UpdateProduct(Product product) in C:\GroceryApp\GroceryApp\Models\Services\ProductSvcADOImpl.cs:line 54
   at GroceryApp.Models.Business.ProductMgr.UpdateProduct(Product product) in C:\GroceryApp\GroceryApp\Models\Business\ProductMgr.cs:line 75
   at BusinessTest.ProductMgrTest.UpdateProductTest() in C:\GroceryApp\BusinessTest\ProductMgrTest.cs:line 143
</StackTrace>
        </ErrorInfo>
      </Output>
    </UnitTestResult>
    <UnitTestResult executionId="fc61e3a8-68a9-4b41-9d83-4edd3655c989" testId="6ff62ea5-d0a5-9905-38ba-7c96f4e3b4fa" testName="AddProductTest" computerName="IT-41C8711BE33B" duration="00:00:00.0655521" startTime="2012-11-17T21:13:27.0147500+02:00" endTime="2012-11-17T21:13:27.1085000+02:00" testType="13cdc9d9-ddb5-4fa4-a97d-d965ccfc6d4b" outcome="Passed" testListId="8c84fa94-04c1-424b-9868-57a2d4851a1d" relativeResultsDirectory="fc61e3a8-68a9-4b41-9d83-4edd3655c989">
    </UnitTestResult>
    <TestResultAggregation executionId="fbe2149e-e7b1-42d5-8f5a-a35778be7385" testId="8f19a129-8be8-4c1e-bc73-167c517fc37e" testName="BusinessTestSuite" computerName="IT-41C8711BE33B" duration="00:00:00.1509622" startTime="2012-11-17T21:13:27.4522500+02:00" endTime="2012-11-17T21:13:27.7491250+02:00" testType="ec4800e8-40e5-4ab3-8510-b8bf29b1904d" outcome="Failed" testListId="8c84fa94-04c1-424b-9868-57a2d4851a1d" relativeResultsDirectory="fbe2149e-e7b1-42d5-8f5a-a35778be7385">
      <Counters error="0" failed="1" timeout="0" aborted="0" inconclusive="0" passedButRunAborted="0" notRunnable="0" notExecuted="7" disconnected="0" warning="0" passed="0" completed="0" inProgress="0" pending="0" />
      <InnerResults>
        <UnitTestResult executionId="11a2b80d-745c-456f-8032-57cd2c728773" parentExecutionId="fbe2149e-e7b1-42d5-8f5a-a35778be7385" testId="5cc27fd9-8ed9-8a57-cf1d-36e5e2bb132c" testName="AddSupplierTest" computerName="IT-41C8711BE33B" duration="00:00:00.0279356" startTime="2012-11-17T21:13:27.5928750+02:00" endTime="2012-11-17T21:13:27.7491250+02:00" testType="13cdc9d9-ddb5-4fa4-a97d-d965ccfc6d4b" outcome="Failed" testListId="8c84fa94-04c1-424b-9868-57a2d4851a1d" relativeResultsDirectory="11a2b80d-745c-456f-8032-57cd2c728773">
          <Output>
            <ErrorInfo>
              <Message>Assert.Fail failed. GroceryApp.Models.Services.Exceptions.SupplierMgrException: Error Loading Service: Value cannot be null.
Parameter name: typeName
   at GroceryApp.Models.Business.SupplierMgr.AddSupplier(Supplier supplier) in C:\GroceryApp\GroceryApp\Models\Business\SupplierMgr.cs:line 23
   at BusinessTest.SupplierMgrTest.AddSupplierTest() in C:\GroceryApp\BusinessTest\SupplierMgrTest.cs:line 85</Message>
              <StackTrace>   at BusinessTest.SupplierMgrTest.AddSupplierTest() in C:\GroceryApp\BusinessTest\SupplierMgrTest.cs:line 89
</StackTrace>
            </ErrorInfo>
          </Output>
        </UnitTestResult>
        <TestResult executionId="d0789b67-7192-444f-aeb9-c55bc0325977" parentExecutionId="fbe2149e-e7b1-42d5-8f5a-a35778be7385" testId="bf017ad6-4f60-c2c3-891a-71955203f803" testName="SearchSupplierTest" computerName="IT-41C8711BE33B" testType="13cdc9d9-ddb5-4fa4-a97d-d965ccfc6d4b" outcome="NotExecuted" testListId="8c84fa94-04c1-424b-9868-57a2d4851a1d" relativeResultsDirectory="d0789b67-7192-444f-aeb9-c55bc0325977" />
        <TestResult executionId="fc381ec5-42f7-4a86-9b3e-4e979459fb60" parentExecutionId="fbe2149e-e7b1-42d5-8f5a-a35778be7385" testId="c190ac50-fd1e-c1ad-24e1-3c13826758a2" testName="UpdateSupplierTest" computerName="IT-41C8711BE33B" testType="13cdc9d9-ddb5-4fa4-a97d-d965ccfc6d4b" outcome="NotExecuted" testListId="8c84fa94-04c1-424b-9868-57a2d4851a1d" relativeResultsDirectory="fc381ec5-42f7-4a86-9b3e-4e979459fb60" />
        <TestResult executionId="16af6751-82e0-4b53-977a-d6e73abb2f56" parentExecutionId="fbe2149e-e7b1-42d5-8f5a-a35778be7385" testId="a4cff782-8c19-6d5d-f4c8-d1ae28419562" testName="RemoveSupplierTest" computerName="IT-41C8711BE33B" testType="13cdc9d9-ddb5-4fa4-a97d-d965ccfc6d4b" outcome="NotExecuted" testListId="8c84fa94-04c1-424b-9868-57a2d4851a1d" relativeResultsDirectory="16af6751-82e0-4b53-977a-d6e73abb2f56" />
        <TestResult executionId="4cb47f18-f253-455f-8c6b-0fea6c6ff7b9" parentExecutionId="fbe2149e-e7b1-42d5-8f5a-a35778be7385" testId="6ff62ea5-d0a5-9905-38ba-7c96f4e3b4fa" testName="AddProductTest" computerName="IT-41C8711BE33B" testType="13cdc9d9-ddb5-4fa4-a97d-d965ccfc6d4b" outcome="NotExecuted" testListId="8c84fa94-04c1-424b-9868-57a2d4851a1d" relativeResultsDirectory="4cb47f18-f253-455f-8c6b-0fea6c6ff7b9" />
        <TestResult executionId="2498a17c-ad87-4ae2-94ee-27c790fbf584" parentExecutionId="fbe2149e-e7b1-42d5-8f5a-a35778be7385" testId="3c0a04bd-ddc1-312c-eda1-0ed41a4b3b01" testName="SearchProductTest" computerName="IT-41C8711BE33B" testType="13cdc9d9-ddb5-4fa4-a97d-d965ccfc6d4b" outcome="NotExecuted" testListId="8c84fa94-04c1-424b-9868-57a2d4851a1d" relativeResultsDirectory="2498a17c-ad87-4ae2-94ee-27c790fbf584" />
        <TestResult executionId="bdacc05a-38ae-40f4-9a1b-254140c2b548" parentExecutionId="fbe2149e-e7b1-42d5-8f5a-a35778be7385" testId="6143045e-d7b1-c3cf-6431-871ca4cbe173" testName="UpdateProductTest" computerName="IT-41C8711BE33B" testType="13cdc9d9-ddb5-4fa4-a97d-d965ccfc6d4b" outcome="NotExecuted" testListId="8c84fa94-04c1-424b-9868-57a2d4851a1d" relativeResultsDirectory="bdacc05a-38ae-40f4-9a1b-254140c2b548" />
        <TestResult executionId="48492ad8-5e4a-4271-a2ba-49e09790da4e" parentExecutionId="fbe2149e-e7b1-42d5-8f5a-a35778be7385" testId="11468ab7-0a0d-5f63-ec65-4bfd24d50c15" testName="RemoveProductTest" computerName="IT-41C8711BE33B" testType="13cdc9d9-ddb5-4fa4-a97d-d965ccfc6d4b" outcome="NotExecuted" testListId="8c84fa94-04c1-424b-9868-57a2d4851a1d" relativeResultsDirectory="48492ad8-5e4a-4271-a2ba-49e09790da4e" />
      </InnerResults>
    </TestResultAggregation>
    <UnitTestResult executionId="e520fc01-9326-4cbe-b7e9-11d2daa84341" testId="99ca40cb-11c4-6932-0028-af3aa6b398f0" testName="UpdateProductTest" computerName="IT-41C8711BE33B" duration="00:00:00.0349019" startTime="2012-11-17T21:13:27.8272500+02:00" endTime="2012-11-17T21:13:27.8741250+02:00" testType="13cdc9d9-ddb5-4fa4-a97d-d965ccfc6d4b" outcome="Failed" testListId="8c84fa94-04c1-424b-9868-57a2d4851a1d" relativeResultsDirectory="e520fc01-9326-4cbe-b7e9-11d2daa84341">
      <Output>
        <ErrorInfo>
          <Message>Assert.Fail failed. System.Data.Entity.Infrastructure.DbUpdateConcurrencyException: Store update, insert, or delete statement affected an unexpected number of rows (0). Entities may have been modified or deleted since entities were loaded. Refresh ObjectStateManager entries. ---&gt; System.Data.OptimisticConcurrencyException: Store update, insert, or delete statement affected an unexpected number of rows (0). Entities may have been modified or deleted since entities were loaded. Refresh ObjectStateManager entries.
   at System.Data.Mapping.Update.Internal.UpdateTranslator.ValidateRowsAffected(Int64 rowsAffected, UpdateCommand source)
   at System.Data.Mapping.Update.Internal.UpdateTranslator.Update(IEntityStateManager stateManager, IEntityAdapter adapter)
   at System.Data.EntityClient.EntityAdapter.Update(IEntityStateManager entityCache)
   at System.Data.Objects.ObjectContext.SaveChanges(SaveOptions options)
   at System.Data.Entity.Internal.InternalContext.SaveChanges()
   --- End of inner exception stack trace ---
   at System.Data.Entity.Internal.InternalContext.SaveChanges()
   at System.Data.Entity.Internal.LazyInternalContext.SaveChanges()
   at System.Data.Entity.DbContext.SaveChanges()
   at GroceryApp.Models.Services.ProductSvcADOImpl.UpdateProduct(Product product) in C:\GroceryApp\GroceryApp\Models\Services\ProductSvcADOImpl.cs:line 54
   at TestServices.ProductSvcADOImplTest.UpdateProductTest() in C:\GroceryApp\TestServices\ProductSvcADOImplTest.cs:line 157</Message>
          <StackTrace>   at TestServices.ProductSvcADOImplTest.UpdateProductTest() in C:\GroceryApp\TestServices\ProductSvcADOImplTest.cs:line 162
</StackTrace>
        </ErrorInfo>
      </Output>
    </UnitTestResult>
    <UnitTestResult executionId="e5e2348a-6bdd-43f4-987d-af3165ca230b" testId="a4cff782-8c19-6d5d-f4c8-d1ae28419562" testName="RemoveSupplierTest" computerName="IT-41C8711BE33B" duration="00:00:00.0118646" startTime="2012-11-17T21:13:27.9210000+02:00" endTime="2012-11-17T21:13:27.9522500+02:00" testType="13cdc9d9-ddb5-4fa4-a97d-d965ccfc6d4b" outcome="Failed" testListId="8c84fa94-04c1-424b-9868-57a2d4851a1d" relativeResultsDirectory="e5e2348a-6bdd-43f4-987d-af3165ca230b">
      <Output>
        <ErrorInfo>
          <Message>Assert.Fail failed. GroceryApp.Models.Services.Exceptions.SupplierMgrException: Error Loading Service: Value cannot be null.
Parameter name: typeName
   at GroceryApp.Models.Business.SupplierMgr.RemoveSupplier(String supplierCode) in C:\GroceryApp\GroceryApp\Models\Business\SupplierMgr.cs:line 93
   at BusinessTest.SupplierMgrTest.RemoveSupplierTest() in C:\GroceryApp\BusinessTest\SupplierMgrTest.cs:line 104</Message>
          <StackTrace>   at BusinessTest.SupplierMgrTest.RemoveSupplierTest() in C:\GroceryApp\BusinessTest\SupplierMgrTest.cs:line 108
</StackTrace>
        </ErrorInfo>
      </Output>
    </UnitTestResult>
    <UnitTestResult executionId="c21e8887-456c-4221-ad3b-0b01d574f0ac" testId="bf017ad6-4f60-c2c3-891a-71955203f803" testName="SearchSupplierTest" computerName="IT-41C8711BE33B" duration="00:00:00.0166903" startTime="2012-11-17T21:13:27.9678750+02:00" endTime="2012-11-17T21:13:27.9991250+02:00" testType="13cdc9d9-ddb5-4fa4-a97d-d965ccfc6d4b" outcome="Failed" testListId="8c84fa94-04c1-424b-9868-57a2d4851a1d" relativeResultsDirectory="c21e8887-456c-4221-ad3b-0b01d574f0ac">
      <Output>
        <ErrorInfo>
          <Message>Assert.Fail failed. GroceryApp.Models.Services.Exceptions.SupplierMgrException: Error Loading Service: Value cannot be null.
Parameter name: typeName
   at GroceryApp.Models.Business.SupplierMgr.SearchSupplier(String supplierCode) in C:\GroceryApp\GroceryApp\Models\Business\SupplierMgr.cs:line 48
   at BusinessTest.SupplierMgrTest.SearchSupplierTest() in C:\GroceryApp\BusinessTest\SupplierMgrTest.cs:line 123</Message>
          <StackTrace>   at BusinessTest.SupplierMgrTest.SearchSupplierTest() in C:\GroceryApp\BusinessTest\SupplierMgrTest.cs:line 127
</StackTrace>
        </ErrorInfo>
      </Output>
    </UnitTestResult>
    <UnitTestResult executionId="097bd547-5473-4eda-bf12-13871c2fe15e" testId="c190ac50-fd1e-c1ad-24e1-3c13826758a2" testName="UpdateSupplierTest" computerName="IT-41C8711BE33B" duration="00:00:00.0213683" startTime="2012-11-17T21:13:28.0147500+02:00" endTime="2012-11-17T21:13:28.0460000+02:00" testType="13cdc9d9-ddb5-4fa4-a97d-d965ccfc6d4b" outcome="Failed" testListId="8c84fa94-04c1-424b-9868-57a2d4851a1d" relativeResultsDirectory="097bd547-5473-4eda-bf12-13871c2fe15e">
      <Output>
        <ErrorInfo>
          <Message>Assert.Fail failed. GroceryApp.Models.Services.Exceptions.SupplierMgrException: Error Loading Service: Value cannot be null.
Parameter name: typeName
   at GroceryApp.Models.Business.SupplierMgr.AddSupplier(Supplier supplier) in C:\GroceryApp\GroceryApp\Models\Business\SupplierMgr.cs:line 23
   at BusinessTest.SupplierMgrTest.UpdateSupplierTest() in C:\GroceryApp\BusinessTest\SupplierMgrTest.cs:line 146</Message>
          <StackTrace>   at BusinessTest.SupplierMgrTest.UpdateSupplierTest() in C:\GroceryApp\BusinessTest\SupplierMgrTest.cs:line 150
</StackTrace>
        </ErrorInfo>
      </Output>
    </UnitTestResult>
    <UnitTestResult executionId="1155fb39-61ca-45c8-8a3c-da067d096328" testId="f4d13ba0-ab3c-eabd-c9c2-50f97e57cf2b" testName="SearchProductTest" computerName="IT-41C8711BE33B" duration="00:00:00.1615076" startTime="2012-11-17T21:13:28.1710000+02:00" endTime="2012-11-17T21:13:28.3741250+02:00" testType="13cdc9d9-ddb5-4fa4-a97d-d965ccfc6d4b" outcome="Passed" testListId="8c84fa94-04c1-424b-9868-57a2d4851a1d" relativeResultsDirectory="1155fb39-61ca-45c8-8a3c-da067d096328">
    </UnitTestResult>
  </Results>
</TestRun>